<?xml version="1.0" encoding="UTF-8"?>
<!-- Generated by org.testng.reporters.JUnitReportReporter -->
<testsuite hostname="TYC1221031" failures="0" tests="1" name="Demo.TestScript1" time="0.008" errors="0" timestamp="2024-10-23T12:54:10 IST" skipped="0">
  <testcase classname="Demo.TestScript1" name="m1" time="0.008"/>
  <system-out/>
</testsuite> <!-- Demo.TestScript1 -->
