<?xml version="1.0" encoding="UTF-8"?>
<!-- Generated by org.testng.reporters.JUnitReportReporter -->
<testsuite hostname="TYC1221031" failures="0" tests="1" name="Demo.TestScript2" time="0.006" errors="0" timestamp="2024-10-23T12:54:34 IST" skipped="0">
  <testcase classname="Demo.TestScript2" name="m1" time="0.006"/>
  <system-out/>
</testsuite> <!-- Demo.TestScript2 -->
